{"level":"info","message":"Rate limiter initialized with Redis","service":"server","timestamp":"2025-11-27T23:44:34.386Z"}
{"level":"info","message":"Server is running on PORT 3000","service":"server","timestamp":"2025-11-27T23:44:34.436Z"}
{"level":"info","message":"Redis client connected successfully","service":"server","timestamp":"2025-11-27T23:44:34.459Z"}
{"level":"info","message":"Rate limiter initialized with Redis","service":"server","timestamp":"2025-11-27T23:45:03.002Z"}
{"level":"info","message":"Server is running on PORT 3000","service":"server","timestamp":"2025-11-27T23:45:03.039Z"}
{"level":"info","message":"Redis client connected successfully","service":"server","timestamp":"2025-11-27T23:45:03.057Z"}
{"level":"info","message":"Rate limiter initialized with Redis","service":"server","timestamp":"2025-11-27T23:45:05.854Z"}
{"level":"info","message":"Server is running on PORT 3000","service":"server","timestamp":"2025-11-27T23:45:05.883Z"}
{"level":"info","message":"Redis client connected successfully","service":"server","timestamp":"2025-11-27T23:45:05.908Z"}
{"level":"info","message":"Rate limiter initialized with Redis","service":"server","timestamp":"2025-11-27T23:45:07.258Z"}
{"level":"info","message":"Server is running on PORT 3000","service":"server","timestamp":"2025-11-27T23:45:07.290Z"}
{"level":"info","message":"Redis client connected successfully","service":"server","timestamp":"2025-11-27T23:45:07.302Z"}
{"level":"info","message":"Rate limiter initialized with Redis","service":"server","timestamp":"2025-11-27T23:45:08.856Z"}
{"level":"info","message":"Server is running on PORT 3000","service":"server","timestamp":"2025-11-27T23:45:08.894Z"}
{"level":"info","message":"Redis client connected successfully","service":"server","timestamp":"2025-11-27T23:45:08.906Z"}
{"level":"info","message":"Rate limiter initialized with Redis","service":"server","timestamp":"2025-11-27T23:46:34.531Z"}
{"level":"info","message":"Server is running on PORT 3000","service":"server","timestamp":"2025-11-27T23:46:34.569Z"}
{"level":"info","message":"Redis client connected successfully","service":"server","timestamp":"2025-11-27T23:46:34.580Z"}
{"level":"info","message":"MongoDB connected successfully","service":"server","timestamp":"2025-11-27T23:46:35.879Z"}
{"level":"info","message":"Rate limiter initialized with Redis","service":"server","timestamp":"2025-11-27T23:47:11.798Z"}
{"level":"info","message":"Server is running on PORT 3000","service":"server","timestamp":"2025-11-27T23:47:11.832Z"}
{"level":"info","message":"Redis client connected successfully","service":"server","timestamp":"2025-11-27T23:47:11.846Z"}
{"level":"info","message":"MongoDB connected successfully","service":"server","timestamp":"2025-11-27T23:47:12.554Z"}
{"level":"info","message":"Rate limiter initialized with Redis","service":"server","timestamp":"2025-11-27T23:47:18.598Z"}
{"level":"info","message":"Server is running on PORT 3000","service":"server","timestamp":"2025-11-27T23:47:18.629Z"}
{"level":"info","message":"Redis client connected successfully","service":"server","timestamp":"2025-11-27T23:47:18.642Z"}
{"level":"info","message":"MongoDB connected successfully","service":"server","timestamp":"2025-11-27T23:47:19.501Z"}
{"level":"info","message":"Rate limiter initialized with Redis","service":"server","timestamp":"2025-11-27T23:47:20.372Z"}
{"level":"info","message":"Server is running on PORT 3000","service":"server","timestamp":"2025-11-27T23:47:20.400Z"}
{"level":"info","message":"Redis client connected successfully","service":"server","timestamp":"2025-11-27T23:47:20.411Z"}
{"level":"info","message":"MongoDB connected successfully","service":"server","timestamp":"2025-11-27T23:47:21.195Z"}
{"level":"info","message":"Rate limiter initialized with Redis","service":"server","timestamp":"2025-11-27T23:48:07.328Z"}
{"level":"info","message":"Server is running on PORT 3000","service":"server","timestamp":"2025-11-27T23:48:07.367Z"}
{"level":"info","message":"Redis client connected successfully","service":"server","timestamp":"2025-11-27T23:48:07.381Z"}
{"level":"info","message":"MongoDB connected successfully","service":"server","timestamp":"2025-11-27T23:48:08.259Z"}
{"level":"info","message":"Rate limiter initialized with Redis","service":"server","timestamp":"2025-11-27T23:52:45.561Z"}
{"level":"info","message":"Server is running on PORT 3000","service":"server","timestamp":"2025-11-27T23:52:45.624Z"}
{"level":"info","message":"Redis client connected successfully","service":"server","timestamp":"2025-11-27T23:52:45.639Z"}
{"level":"info","message":"MongoDB connected successfully","service":"server","timestamp":"2025-11-27T23:52:49.402Z"}
{"level":"info","message":"Rate limiter initialized with Redis","service":"server","timestamp":"2025-11-27T23:52:51.363Z"}
{"level":"info","message":"Server is running on PORT 3000","service":"server","timestamp":"2025-11-27T23:52:51.422Z"}
{"level":"info","message":"Redis client connected successfully","service":"server","timestamp":"2025-11-27T23:52:51.445Z"}
{"level":"info","message":"MongoDB connected successfully","service":"server","timestamp":"2025-11-27T23:52:52.116Z"}
{"level":"info","message":"Rate limiter initialized with Redis","service":"server","timestamp":"2025-11-28T02:37:57.151Z"}
{"level":"info","message":"Server is running on PORT 3000","service":"server","timestamp":"2025-11-28T02:37:57.201Z"}
{"error":"","level":"error","message":"Redis Client Error:","service":"server","timestamp":"2025-11-28T02:37:57.252Z"}
{"error":"","level":"error","message":"Redis Client Error:","service":"server","timestamp":"2025-11-28T02:37:57.308Z"}
{"error":"","level":"error","message":"Redis Client Error:","service":"server","timestamp":"2025-11-28T02:37:57.413Z"}
{"error":"","level":"error","message":"Redis Client Error:","service":"server","timestamp":"2025-11-28T02:37:57.574Z"}
{"error":"","level":"error","message":"Redis Client Error:","service":"server","timestamp":"2025-11-28T02:37:57.782Z"}
{"error":"","level":"error","message":"Redis Client Error:","service":"server","timestamp":"2025-11-28T02:37:58.038Z"}
{"error":"","level":"error","message":"Redis Client Error:","service":"server","timestamp":"2025-11-28T02:37:58.367Z"}
{"error":"","level":"error","message":"Redis Client Error:","service":"server","timestamp":"2025-11-28T02:37:58.724Z"}
{"level":"info","message":"MongoDB connected successfully","service":"server","timestamp":"2025-11-28T02:37:59.031Z"}
{"error":"","level":"error","message":"Redis Client Error:","service":"server","timestamp":"2025-11-28T02:37:59.126Z"}
{"error":"","level":"error","message":"Redis Client Error:","service":"server","timestamp":"2025-11-28T02:37:59.583Z"}
{"error":"","level":"error","message":"Redis Client Error:","service":"server","timestamp":"2025-11-28T02:38:00.089Z"}
{"error":"","level":"error","message":"Redis Client Error:","service":"server","timestamp":"2025-11-28T02:38:00.642Z"}
{"error":"","level":"error","message":"Redis Client Error:","service":"server","timestamp":"2025-11-28T02:38:01.248Z"}
{"error":"","level":"error","message":"Redis Client Error:","service":"server","timestamp":"2025-11-28T02:38:01.902Z"}
{"error":"","level":"error","message":"Redis Client Error:","service":"server","timestamp":"2025-11-28T02:38:02.608Z"}
{"error":"","level":"error","message":"Redis Client Error:","service":"server","timestamp":"2025-11-28T02:38:03.363Z"}
{"error":"","level":"error","message":"Redis Client Error:","service":"server","timestamp":"2025-11-28T02:38:04.170Z"}
{"error":"","level":"error","message":"Redis Client Error:","service":"server","timestamp":"2025-11-28T02:38:05.025Z"}
{"error":"","level":"error","message":"Redis Client Error:","service":"server","timestamp":"2025-11-28T02:38:05.935Z"}
{"error":"","level":"error","message":"Redis Client Error:","service":"server","timestamp":"2025-11-28T02:38:06.891Z"}
{"error":"","level":"error","message":"Redis Client Error:","service":"server","timestamp":"2025-11-28T02:38:07.897Z"}
{"error":"","level":"error","message":"Redis Client Error:","service":"server","timestamp":"2025-11-28T02:38:08.952Z"}
{"error":"","level":"error","message":"Redis Client Error:","service":"server","timestamp":"2025-11-28T02:38:10.059Z"}
{"error":"","level":"error","message":"Redis Client Error:","service":"server","timestamp":"2025-11-28T02:38:11.216Z"}
{"error":"","level":"error","message":"Redis Client Error:","service":"server","timestamp":"2025-11-28T02:38:12.425Z"}
{"error":"","level":"error","message":"Redis Client Error:","service":"server","timestamp":"2025-11-28T02:38:13.680Z"}
{"error":"","level":"error","message":"Redis Client Error:","service":"server","timestamp":"2025-11-28T02:38:14.985Z"}
{"error":"","level":"error","message":"Redis Client Error:","service":"server","timestamp":"2025-11-28T02:38:16.344Z"}
{"error":"","level":"error","message":"Redis Client Error:","service":"server","timestamp":"2025-11-28T02:38:17.748Z"}
{"error":"","level":"error","message":"Redis Client Error:","service":"server","timestamp":"2025-11-28T02:38:19.201Z"}
{"error":"","level":"error","message":"Redis Client Error:","service":"server","timestamp":"2025-11-28T02:38:20.703Z"}
{"error":"","level":"error","message":"Redis Client Error:","service":"server","timestamp":"2025-11-28T02:38:22.258Z"}
{"error":"","level":"error","message":"Redis Client Error:","service":"server","timestamp":"2025-11-28T02:38:23.863Z"}
{"error":"","level":"error","message":"Redis Client Error:","service":"server","timestamp":"2025-11-28T02:38:25.517Z"}
{"error":"","level":"error","message":"Redis Client Error:","service":"server","timestamp":"2025-11-28T02:38:27.219Z"}
{"error":"","level":"error","message":"Redis Client Error:","service":"server","timestamp":"2025-11-28T02:38:28.974Z"}
{"error":"","level":"error","message":"Redis Client Error:","service":"server","timestamp":"2025-11-28T02:38:30.776Z"}
{"level":"info","message":"Redis client connected successfully","service":"server","timestamp":"2025-11-28T02:38:32.637Z"}
